inframobileapp/build/app/intermediates/manifest_merge_blame_file/release/manifest-merger-blame-release-report.txt
1<?xml version="1.0" encoding="utf-8"?>
2<manifest xmlns:android="http://schemas.android.com/apk/res/android"
3    package="com.radiant.inframobileapp"
4    android:versionCode="1"
5    android:versionName="1.0.0" >
6
7    <uses-sdk
8        android:minSdkVersion="23"
8-->src/main/AndroidManifest.xml
9        android:targetSdkVersion="29" />
9-->src/main/AndroidManifest.xml
10
11    <uses-permission android:name="android.permission.REQUEST_INSTALL_PACKAGES" />
11-->[:open_file] AndroidManifest.xml:8:5-83
11-->[:open_file] AndroidManifest.xml:8:22-80
12    <uses-permission android:name="android.permission.READ_EXTERNAL_STORAGE" />
12-->[:open_file] AndroidManifest.xml:9:5-80
12-->[:open_file] AndroidManifest.xml:9:22-77
13    <uses-permission android:name="android.permission.INTERNET" />
13-->[com.google.firebase:firebase-auth:21.0.1] AndroidManifest.xml:23:5-67
13-->[com.google.firebase:firebase-auth:21.0.1] AndroidManifest.xml:23:22-64
14    <uses-permission android:name="android.permission.ACCESS_NETWORK_STATE" />
14-->[com.google.firebase:firebase-auth:21.0.1] AndroidManifest.xml:24:5-79
14-->[com.google.firebase:firebase-auth:21.0.1] AndroidManifest.xml:24:22-76
15    <uses-permission android:name="android.permission.WAKE_LOCK" />
15-->[com.google.android.gms:play-services-measurement-api:19.0.0] AndroidManifest.xml:24:5-68
15-->[com.google.android.gms:play-services-measurement-api:19.0.0] AndroidManifest.xml:24:22-65
16    <uses-permission android:name="com.google.android.finsky.permission.BIND_GET_INSTALL_REFERRER_SERVICE" />
16-->[com.google.android.gms:play-services-measurement:19.0.0] AndroidManifest.xml:26:5-110
16-->[com.google.android.gms:play-services-measurement:19.0.0] AndroidManifest.xml:26:22-107
17    <!--
18 io.flutter.app.FlutterApplication is an android.app.Application that
19         calls FlutterMain.startInitialization(this); in its onCreate method.
20         In most cases you can leave this as-is, but you if you want to provide
21         additional functionality it is fine to subclass or reimplement
22         FlutterApplication and put your custom class here.
23    -->
24    <application
24-->src/main/AndroidManifest.xml:8:5-46:19
25        android:name="io.flutter.app.FlutterApplication"
25-->src/main/AndroidManifest.xml:9:9-57
26        android:appComponentFactory="androidx.core.app.CoreComponentFactory"
26-->[androidx.core:core:1.1.0] AndroidManifest.xml:24:18-86
27        android:icon="@mipmap/ic_launcher"
27-->src/main/AndroidManifest.xml:11:9-43
28        android:label="inframobileapp" >
28-->src/main/AndroidManifest.xml:10:9-39
29        <activity
29-->src/main/AndroidManifest.xml:12:9-40:20
30            android:name="com.radiant.inframobileapp.MainActivity"
30-->src/main/AndroidManifest.xml:13:13-41
31            android:configChanges="orientation|keyboardHidden|keyboard|screenSize|smallestScreenSize|locale|layoutDirection|fontScale|screenLayout|density|uiMode"
31-->src/main/AndroidManifest.xml:16:13-163
32            android:hardwareAccelerated="true"
32-->src/main/AndroidManifest.xml:17:13-47
33            android:launchMode="singleTop"
33-->src/main/AndroidManifest.xml:14:13-43
34            android:theme="@style/LaunchTheme"
34-->src/main/AndroidManifest.xml:15:13-47
35            android:windowSoftInputMode="adjustResize" >
35-->src/main/AndroidManifest.xml:18:13-55
36
37            <!--
38                 Specifies an Android theme to apply to this Activity as soon as
39                 the Android process has started. This theme is visible to the user
40                 while the Flutter UI initializes. After that, this theme continues
41                 to determine the Window background behind the Flutter UI.
42            -->
43            <meta-data
43-->src/main/AndroidManifest.xml:23:13-26:17
44                android:name="io.flutter.embedding.android.NormalTheme"
44-->src/main/AndroidManifest.xml:24:15-70
45                android:resource="@style/NormalTheme" />
45-->src/main/AndroidManifest.xml:25:15-52
46            <!--
47                 Displays an Android View that continues showing the launch screen
48                 Drawable until Flutter paints its first frame, then this splash
49                 screen fades out. A splash screen is useful to avoid any visual
50                 gap between the end of Android's launch screen and the painting of
51                 Flutter's first frame.
52            -->
53            <meta-data
53-->src/main/AndroidManifest.xml:32:13-35:17
54                android:name="io.flutter.embedding.android.SplashScreenDrawable"
54-->src/main/AndroidManifest.xml:33:15-79
55                android:resource="@drawable/launch_background" />
55-->src/main/AndroidManifest.xml:34:15-61
56
57            <intent-filter>
57-->src/main/AndroidManifest.xml:36:13-39:29
58                <action android:name="android.intent.action.MAIN" />
58-->src/main/AndroidManifest.xml:37:17-68
58-->src/main/AndroidManifest.xml:37:25-66
59
60                <category android:name="android.intent.category.LAUNCHER" />
60-->src/main/AndroidManifest.xml:38:17-76
60-->src/main/AndroidManifest.xml:38:27-74
61            </intent-filter>
62        </activity>
63        <!--
64             Don't delete the meta-data below.
65             This is used by the Flutter tool to generate GeneratedPluginRegistrant.java
66        -->
67        <meta-data
67-->src/main/AndroidManifest.xml:43:9-45:33
68            android:name="flutterEmbedding"
68-->src/main/AndroidManifest.xml:44:13-44
69            android:value="2" />
69-->src/main/AndroidManifest.xml:45:13-30
70
71        <service
71-->[:firebase_auth] AndroidManifest.xml:8:9-12:19
72            android:name="com.google.firebase.components.ComponentDiscoveryService"
72-->[:firebase_auth] AndroidManifest.xml:8:18-89
73            android:directBootAware="true"
73-->[com.google.firebase:firebase-common:20.0.0] AndroidManifest.xml:35:13-43
74            android:exported="false" >
74-->[com.google.firebase:firebase-auth:21.0.1] AndroidManifest.xml:76:13-37
75            <meta-data
75-->[:firebase_auth] AndroidManifest.xml:9:13-11:85
76                android:name="com.google.firebase.components:io.flutter.plugins.firebase.auth.FlutterFirebaseAuthRegistrar"
76-->[:firebase_auth] AndroidManifest.xml:10:17-124
77                android:value="com.google.firebase.components.ComponentRegistrar" />
77-->[:firebase_auth] AndroidManifest.xml:11:17-82
78            <meta-data
78-->[:cloud_firestore] AndroidManifest.xml:9:13-11:85
79                android:name="com.google.firebase.components:io.flutter.plugins.firebase.firestore.FlutterFirebaseFirestoreRegistrar"
79-->[:cloud_firestore] AndroidManifest.xml:10:17-134
80                android:value="com.google.firebase.components.ComponentRegistrar" />
80-->[:cloud_firestore] AndroidManifest.xml:11:17-82
81            <meta-data
81-->[:firebase_core] AndroidManifest.xml:9:13-11:85
82                android:name="com.google.firebase.components:io.flutter.plugins.firebase.core.FlutterFirebaseCoreRegistrar"
82-->[:firebase_core] AndroidManifest.xml:10:17-124
83                android:value="com.google.firebase.components.ComponentRegistrar" />
83-->[:firebase_core] AndroidManifest.xml:11:17-82
84            <meta-data
84-->[com.google.firebase:firebase-auth:21.0.1] AndroidManifest.xml:77:13-79:85
85                android:name="com.google.firebase.components:com.google.firebase.auth.FirebaseAuthRegistrar"
85-->[com.google.firebase:firebase-auth:21.0.1] AndroidManifest.xml:78:17-109
86                android:value="com.google.firebase.components.ComponentRegistrar" />
86-->[com.google.firebase:firebase-auth:21.0.1] AndroidManifest.xml:79:17-82
87            <meta-data
87-->[com.google.firebase:firebase-firestore:23.0.1] AndroidManifest.xml:20:13-22:85
88                android:name="com.google.firebase.components:com.google.firebase.firestore.FirestoreRegistrar"
88-->[com.google.firebase:firebase-firestore:23.0.1] AndroidManifest.xml:21:17-111
89                android:value="com.google.firebase.components.ComponentRegistrar" />
89-->[com.google.firebase:firebase-firestore:23.0.1] AndroidManifest.xml:22:17-82
90            <meta-data
90-->[com.google.android.gms:play-services-measurement-api:19.0.0] AndroidManifest.xml:30:13-32:85
91                android:name="com.google.firebase.components:com.google.firebase.analytics.connector.internal.AnalyticsConnectorRegistrar"
91-->[com.google.android.gms:play-services-measurement-api:19.0.0] AndroidManifest.xml:31:17-139
92                android:value="com.google.firebase.components.ComponentRegistrar" />
92-->[com.google.android.gms:play-services-measurement-api:19.0.0] AndroidManifest.xml:32:17-82
93            <meta-data
93-->[com.google.firebase:firebase-installations:17.0.0] AndroidManifest.xml:18:13-20:85
94                android:name="com.google.firebase.components:com.google.firebase.installations.FirebaseInstallationsRegistrar"
94-->[com.google.firebase:firebase-installations:17.0.0] AndroidManifest.xml:19:17-127
95                android:value="com.google.firebase.components.ComponentRegistrar" />
95-->[com.google.firebase:firebase-installations:17.0.0] AndroidManifest.xml:20:17-82
96        </service>
97
98        <provider
98-->[:open_file] AndroidManifest.xml:12:9-21:20
99            android:name="com.crazecoder.openfile.FileProvider"
99-->[:open_file] AndroidManifest.xml:13:13-64
100            android:authorities="com.radiant.inframobileapp.fileProvider.com.crazecoder.openfile"
100-->[:open_file] AndroidManifest.xml:14:13-88
101            android:exported="false"
101-->[:open_file] AndroidManifest.xml:15:13-37
102            android:grantUriPermissions="true" >
102-->[:open_file] AndroidManifest.xml:16:13-47
103            <meta-data
103-->[:open_file] AndroidManifest.xml:18:13-20:53
104                android:name="android.support.FILE_PROVIDER_PATHS"
104-->[:open_file] AndroidManifest.xml:19:17-67
105                android:resource="@xml/filepaths" />
105-->[:open_file] AndroidManifest.xml:20:17-50
106        </provider>
107
108        <activity
108-->[com.google.firebase:firebase-auth:21.0.1] AndroidManifest.xml:27:9-44:20
109            android:name="com.google.firebase.auth.internal.GenericIdpActivity"
109-->[com.google.firebase:firebase-auth:21.0.1] AndroidManifest.xml:28:13-80
110            android:excludeFromRecents="true"
110-->[com.google.firebase:firebase-auth:21.0.1] AndroidManifest.xml:29:13-46
111            android:exported="true"
111-->[com.google.firebase:firebase-auth:21.0.1] AndroidManifest.xml:30:13-36
112            android:launchMode="singleTask"
112-->[com.google.firebase:firebase-auth:21.0.1] AndroidManifest.xml:31:13-44
113            android:theme="@android:style/Theme.Translucent.NoTitleBar" >
113-->[com.google.firebase:firebase-auth:21.0.1] AndroidManifest.xml:32:13-72
114            <intent-filter>
114-->[com.google.firebase:firebase-auth:21.0.1] AndroidManifest.xml:33:13-43:29
115                <action android:name="android.intent.action.VIEW" />
115-->[com.google.firebase:firebase-auth:21.0.1] AndroidManifest.xml:34:17-69
115-->[com.google.firebase:firebase-auth:21.0.1] AndroidManifest.xml:34:25-66
116
117                <category android:name="android.intent.category.DEFAULT" />
117-->[com.google.firebase:firebase-auth:21.0.1] AndroidManifest.xml:36:17-76
117-->[com.google.firebase:firebase-auth:21.0.1] AndroidManifest.xml:36:27-73
118                <category android:name="android.intent.category.BROWSABLE" />
118-->[com.google.firebase:firebase-auth:21.0.1] AndroidManifest.xml:37:17-78
118-->[com.google.firebase:firebase-auth:21.0.1] AndroidManifest.xml:37:27-75
119
120                <data
120-->[com.google.firebase:firebase-auth:21.0.1] AndroidManifest.xml:39:17-42:51
121                    android:host="firebase.auth"
121-->[com.google.firebase:firebase-auth:21.0.1] AndroidManifest.xml:40:21-49
122                    android:path="/"
122-->[com.google.firebase:firebase-auth:21.0.1] AndroidManifest.xml:41:21-37
123                    android:scheme="genericidp" />
123-->[com.google.firebase:firebase-auth:21.0.1] AndroidManifest.xml:42:21-48
124            </intent-filter>
125        </activity>
126        <activity
126-->[com.google.firebase:firebase-auth:21.0.1] AndroidManifest.xml:45:9-62:20
127            android:name="com.google.firebase.auth.internal.RecaptchaActivity"
127-->[com.google.firebase:firebase-auth:21.0.1] AndroidManifest.xml:46:13-79
128            android:excludeFromRecents="true"
128-->[com.google.firebase:firebase-auth:21.0.1] AndroidManifest.xml:47:13-46
129            android:exported="true"
129-->[com.google.firebase:firebase-auth:21.0.1] AndroidManifest.xml:48:13-36
130            android:launchMode="singleTask"
130-->[com.google.firebase:firebase-auth:21.0.1] AndroidManifest.xml:49:13-44
131            android:theme="@android:style/Theme.Translucent.NoTitleBar" >
131-->[com.google.firebase:firebase-auth:21.0.1] AndroidManifest.xml:50:13-72
132            <intent-filter>
132-->[com.google.firebase:firebase-auth:21.0.1] AndroidManifest.xml:51:13-61:29
133                <action android:name="android.intent.action.VIEW" />
133-->[com.google.firebase:firebase-auth:21.0.1] AndroidManifest.xml:34:17-69
133-->[com.google.firebase:firebase-auth:21.0.1] AndroidManifest.xml:34:25-66
134
135                <category android:name="android.intent.category.DEFAULT" />
135-->[com.google.firebase:firebase-auth:21.0.1] AndroidManifest.xml:36:17-76
135-->[com.google.firebase:firebase-auth:21.0.1] AndroidManifest.xml:36:27-73
136                <category android:name="android.intent.category.BROWSABLE" />
136-->[com.google.firebase:firebase-auth:21.0.1] AndroidManifest.xml:37:17-78
136-->[com.google.firebase:firebase-auth:21.0.1] AndroidManifest.xml:37:27-75
137
138                <data
138-->[com.google.firebase:firebase-auth:21.0.1] AndroidManifest.xml:39:17-42:51
139                    android:host="firebase.auth"
139-->[com.google.firebase:firebase-auth:21.0.1] AndroidManifest.xml:40:21-49
140                    android:path="/"
140-->[com.google.firebase:firebase-auth:21.0.1] AndroidManifest.xml:41:21-37
141                    android:scheme="recaptcha" />
141-->[com.google.firebase:firebase-auth:21.0.1] AndroidManifest.xml:42:21-48
142            </intent-filter>
143        </activity>
144
145        <service
145-->[com.google.firebase:firebase-auth:21.0.1] AndroidManifest.xml:64:9-73:19
146            android:name="com.google.firebase.auth.api.fallback.service.FirebaseAuthFallbackService"
146-->[com.google.firebase:firebase-auth:21.0.1] AndroidManifest.xml:65:13-101
147            android:enabled="true"
147-->[com.google.firebase:firebase-auth:21.0.1] AndroidManifest.xml:66:13-35
148            android:exported="false" >
148-->[com.google.firebase:firebase-auth:21.0.1] AndroidManifest.xml:67:13-37
149            <intent-filter>
149-->[com.google.firebase:firebase-auth:21.0.1] AndroidManifest.xml:68:13-72:29
150                <action android:name="com.google.firebase.auth.api.gms.service.START" />
150-->[com.google.firebase:firebase-auth:21.0.1] AndroidManifest.xml:69:17-89
150-->[com.google.firebase:firebase-auth:21.0.1] AndroidManifest.xml:69:25-86
151
152                <category android:name="android.intent.category.DEFAULT" />
152-->[com.google.firebase:firebase-auth:21.0.1] AndroidManifest.xml:36:17-76
152-->[com.google.firebase:firebase-auth:21.0.1] AndroidManifest.xml:36:27-73
153            </intent-filter>
154        </service>
155
156        <provider
156-->[com.google.firebase:firebase-common:20.0.0] AndroidManifest.xml:26:9-31:39
157            android:name="com.google.firebase.provider.FirebaseInitProvider"
157-->[com.google.firebase:firebase-common:20.0.0] AndroidManifest.xml:27:13-77
158            android:authorities="com.radiant.inframobileapp.firebaseinitprovider"
158-->[com.google.firebase:firebase-common:20.0.0] AndroidManifest.xml:28:13-72
159            android:directBootAware="true"
159-->[com.google.firebase:firebase-common:20.0.0] AndroidManifest.xml:29:13-43
160            android:exported="false"
160-->[com.google.firebase:firebase-common:20.0.0] AndroidManifest.xml:30:13-37
161            android:initOrder="100" />
161-->[com.google.firebase:firebase-common:20.0.0] AndroidManifest.xml:31:13-36
162
163        <activity
163-->[com.google.android.gms:play-services-base:17.1.0] AndroidManifest.xml:23:9-26:75
164            android:name="com.google.android.gms.common.api.GoogleApiActivity"
164-->[com.google.android.gms:play-services-base:17.1.0] AndroidManifest.xml:24:13-79
165            android:exported="false"
165-->[com.google.android.gms:play-services-base:17.1.0] AndroidManifest.xml:25:13-37
166            android:theme="@android:style/Theme.Translucent.NoTitleBar" />
166-->[com.google.android.gms:play-services-base:17.1.0] AndroidManifest.xml:26:13-72
167
168        <receiver
168-->[com.google.android.gms:play-services-measurement:19.0.0] AndroidManifest.xml:29:9-33:20
169            android:name="com.google.android.gms.measurement.AppMeasurementReceiver"
169-->[com.google.android.gms:play-services-measurement:19.0.0] AndroidManifest.xml:30:13-85
170            android:enabled="true"
170-->[com.google.android.gms:play-services-measurement:19.0.0] AndroidManifest.xml:31:13-35
171            android:exported="false" >
171-->[com.google.android.gms:play-services-measurement:19.0.0] AndroidManifest.xml:32:13-37
172        </receiver>
173
174        <service
174-->[com.google.android.gms:play-services-measurement:19.0.0] AndroidManifest.xml:35:9-38:40
175            android:name="com.google.android.gms.measurement.AppMeasurementService"
175-->[com.google.android.gms:play-services-measurement:19.0.0] AndroidManifest.xml:36:13-84
176            android:enabled="true"
176-->[com.google.android.gms:play-services-measurement:19.0.0] AndroidManifest.xml:37:13-35
177            android:exported="false" />
177-->[com.google.android.gms:play-services-measurement:19.0.0] AndroidManifest.xml:38:13-37
178        <service
178-->[com.google.android.gms:play-services-measurement:19.0.0] AndroidManifest.xml:39:9-43:72
179            android:name="com.google.android.gms.measurement.AppMeasurementJobService"
179-->[com.google.android.gms:play-services-measurement:19.0.0] AndroidManifest.xml:40:13-87
180            android:enabled="true"
180-->[com.google.android.gms:play-services-measurement:19.0.0] AndroidManifest.xml:41:13-35
181            android:exported="false"
181-->[com.google.android.gms:play-services-measurement:19.0.0] AndroidManifest.xml:42:13-37
182            android:permission="android.permission.BIND_JOB_SERVICE" />
182-->[com.google.android.gms:play-services-measurement:19.0.0] AndroidManifest.xml:43:13-69
183
184        <meta-data
184-->[com.google.android.gms:play-services-basement:17.1.0] AndroidManifest.xml:23:9-25:69
185            android:name="com.google.android.gms.version"
185-->[com.google.android.gms:play-services-basement:17.1.0] AndroidManifest.xml:24:13-58
186            android:value="@integer/google_play_services_version" />
186-->[com.google.android.gms:play-services-basement:17.1.0] AndroidManifest.xml:25:13-66
187    </application>
188
189</manifest>